[    0.000000] Initializing cgroup subsys cpuset
[    0.000000] Initializing cgroup subsys cpu
[    0.000000] Initializing cgroup subsys cpuacct
[    0.000000] Linux version 4.4.0-104-generic (buildd@lgw01-amd64-022) (gcc version 5.4.0 20160609 (Ubuntu 5.4.0-6ubuntu1~16.04.5) ) #127-Ubuntu SMP Mon Dec 11 12:16:42 UTC 2017 (Ubuntu 4.4.0-104.127-generic 4.4.98)
[    0.000000] Command line: BOOT_IMAGE=/boot/vmlinuz-4.4.0-104-generic root=UUID=743b1402-d445-494c-af0b-749040bb33e4 ro console=tty1 console=ttyS0
[    0.000000] KERNEL supported cpus:
[    0.000000]   Intel GenuineIntel
[    0.000000]   AMD AuthenticAMD
[    0.000000]   Centaur CentaurHauls
[    0.000000] x86/fpu: xstate_offset[2]:  576, xstate_sizes[2]:  256
[    0.000000] x86/fpu: Supporting XSAVE feature 0x01: 'x87 floating point registers'
[    0.000000] x86/fpu: Supporting XSAVE feature 0x02: 'SSE registers'
[    0.000000] x86/fpu: Supporting XSAVE feature 0x04: 'AVX registers'
[    0.000000] x86/fpu: Enabled xstate features 0x7, context size is 832 bytes, using 'standard' format.
[    0.000000] x86/fpu: Using 'lazy' FPU context switches.
[    0.000000] e820: BIOS-provided physical RAM map:
[    0.000000] BIOS-e820: [mem 0x0000000000000000-0x000000000009fbff] usable
[    0.000000] BIOS-e820: [mem 0x000000000009fc00-0x000000000009ffff] reserved
[    0.000000] BIOS-e820: [mem 0x00000000000f0000-0x00000000000fffff] reserved
[    0.000000] BIOS-e820: [mem 0x0000000000100000-0x000000003ffeffff] usable
[    0.000000] BIOS-e820: [mem 0x000000003fff0000-0x000000003fffffff] ACPI data
[    0.000000] BIOS-e820: [mem 0x00000000fec00000-0x00000000fec00fff] reserved
[    0.000000] BIOS-e820: [mem 0x00000000fee00000-0x00000000fee00fff] reserved
[    0.000000] BIOS-e820: [mem 0x00000000fffc0000-0x00000000ffffffff] reserved
[    0.000000] NX (Execute Disable) protection: active
[    0.000000] SMBIOS 2.5 present.
[    0.000000] Hypervisor detected: KVM
[    0.000000] e820: last_pfn = 0x3fff0 max_arch_pfn = 0x400000000
[    0.000000] MTRR: Disabled
[    0.000000] x86/PAT: MTRRs disabled, skipping PAT initialization too.
[    0.000000] CPU MTRRs all blank - virtualized system.
[    0.000000] x86/PAT: Configuration [0-7]: WB  WT  UC- UC  WB  WT  UC- UC  
[    0.000000] found SMP MP-table at [mem 0x0009fff0-0x0009ffff] mapped at [ffff88000009fff0]
[    0.000000] Scanning 1 areas for low memory corruption
[    0.000000] RAMDISK: [mem 0x36232000-0x37110fff]
[    0.000000] ACPI: Early table checksum verification disabled
[    0.000000] ACPI: RSDP 0x00000000000E0000 000024 (v02 VBOX  )
[    0.000000] ACPI: XSDT 0x000000003FFF0030 00003C (v01 VBOX   VBOXXSDT 00000001 ASL  00000061)
[    0.000000] ACPI: FACP 0x000000003FFF00F0 0000F4 (v04 VBOX   VBOXFACP 00000001 ASL  00000061)
[    0.000000] ACPI: DSDT 0x000000003FFF0470 0021FF (v02 VBOX   VBOXBIOS 00000002 INTL 20100528)
[    0.000000] ACPI: FACS 0x000000003FFF0200 000040
[    0.000000] ACPI: FACS 0x000000003FFF0200 000040
[    0.000000] ACPI: APIC 0x000000003FFF0240 00005C (v02 VBOX   VBOXAPIC 00000001 ASL  00000061)
[    0.000000] ACPI: SSDT 0x000000003FFF02A0 0001CC (v01 VBOX   VBOXCPUT 00000002 INTL 20100528)
[    0.000000] No NUMA configuration found
[    0.000000] Faking a node at [mem 0x0000000000000000-0x000000003ffeffff]
[    0.000000] NODE_DATA(0) allocated [mem 0x3ffeb000-0x3ffeffff]
[    0.000000] kvm-clock: Using msrs 4b564d01 and 4b564d00
[    0.000000] kvm-clock: cpu 0, msr 0:3ffe3001, primary cpu clock
[    0.000000] kvm-clock: using sched offset of 3507382894 cycles
[    0.000000] clocksource: kvm-clock: mask: 0xffffffffffffffff max_cycles: 0x1cd42e4dffb, max_idle_ns: 881590591483 ns
[    0.000000] Zone ranges:
[    0.000000]   DMA      [mem 0x0000000000001000-0x0000000000ffffff]
[    0.000000]   DMA32    [mem 0x0000000001000000-0x000000003ffeffff]
[    0.000000]   Normal   empty
[    0.000000]   Device   empty
[    0.000000] Movable zone start for each node
[    0.000000] Early memory node ranges
[    0.000000]   node   0: [mem 0x0000000000001000-0x000000000009efff]
[    0.000000]   node   0: [mem 0x0000000000100000-0x000000003ffeffff]
[    0.000000] Initmem setup node 0 [mem 0x0000000000001000-0x000000003ffeffff]
[    0.000000] ACPI: PM-Timer IO Port: 0x4008
[    0.000000] IOAPIC[0]: apic_id 2, version 32, address 0xfec00000, GSI 0-23
[    0.000000] ACPI: INT_SRC_OVR (bus 0 bus_irq 0 global_irq 2 dfl dfl)
[    0.000000] ACPI: INT_SRC_OVR (bus 0 bus_irq 9 global_irq 9 high level)
[    0.000000] Using ACPI (MADT) for SMP configuration information
[    0.000000] smpboot: Allowing 2 CPUs, 0 hotplug CPUs
[    0.000000] PM: Registered nosave memory: [mem 0x00000000-0x00000fff]
[    0.000000] PM: Registered nosave memory: [mem 0x0009f000-0x0009ffff]
[    0.000000] PM: Registered nosave memory: [mem 0x000a0000-0x000effff]
[    0.000000] PM: Registered nosave memory: [mem 0x000f0000-0x000fffff]
[    0.000000] e820: [mem 0x40000000-0xfebfffff] available for PCI devices
[    0.000000] Booting paravirtualized kernel on KVM
[    0.000000] clocksource: refined-jiffies: mask: 0xffffffff max_cycles: 0xffffffff, max_idle_ns: 7645519600211568 ns
[    0.000000] setup_percpu: NR_CPUS:512 nr_cpumask_bits:512 nr_cpu_ids:2 nr_node_ids:1
[    0.000000] PERCPU: Embedded 33 pages/cpu @ffff88003fc00000 s98200 r8192 d28776 u1048576
[    0.000000] PV qspinlock hash table entries: 256 (order: 0, 4096 bytes)
[    0.000000] Built 1 zonelists in Node order, mobility grouping on.  Total pages: 257913
[    0.000000] Policy zone: DMA32
[    0.000000] Kernel command line: BOOT_IMAGE=/boot/vmlinuz-4.4.0-104-generic root=UUID=743b1402-d445-494c-af0b-749040bb33e4 ro console=tty1 console=ttyS0
[    0.000000] PID hash table entries: 4096 (order: 3, 32768 bytes)
[    0.000000] Memory: 997344K/1048120K available (8485K kernel code, 1295K rwdata, 3988K rodata, 1492K init, 1316K bss, 50776K reserved, 0K cma-reserved)
[    0.000000] SLUB: HWalign=64, Order=0-3, MinObjects=0, CPUs=2, Nodes=1
[    0.000000] Hierarchical RCU implementation.
[    0.000000] 	Build-time adjustment of leaf fanout to 64.
[    0.000000] 	RCU restricting CPUs from NR_CPUS=512 to nr_cpu_ids=2.
[    0.000000] RCU: Adjusting geometry for rcu_fanout_leaf=64, nr_cpu_ids=2
[    0.000000] NR_IRQS:33024 nr_irqs:440 16
[    0.000000] Console: colour VGA+ 80x25
[    0.000000] console [tty1] enabled
[    0.000000] console [ttyS0] enabled
[    0.000000] tsc: Detected 3392.294 MHz processor
[   13.445607] Calibrating delay loop (skipped) preset value.. 6784.58 BogoMIPS (lpj=13569176)
[   13.596756] pid_max: default: 32768 minimum: 301
[   13.708516] ACPI: Core revision 20150930
[   13.755506] ACPI: 2 ACPI AML tables successfully acquired and loaded
[   13.884648] Security Framework initialized
[   13.985039] Yama: becoming mindful.
[   14.058051] AppArmor: AppArmor initialized
[   14.170119] Dentry cache hash table entries: 131072 (order: 8, 1048576 bytes)
[   14.292645] Inode-cache hash table entries: 65536 (order: 7, 524288 bytes)
[   14.397423] Mount-cache hash table entries: 2048 (order: 2, 16384 bytes)
[   14.500677] Mountpoint-cache hash table entries: 2048 (order: 2, 16384 bytes)
[   14.632484] Initializing cgroup subsys io
[   14.712651] Initializing cgroup subsys memory
[   14.825213] Initializing cgroup subsys devices
[   14.946318] Initializing cgroup subsys freezer
[   15.059196] Initializing cgroup subsys net_cls
[   15.175713] Initializing cgroup subsys perf_event
[   15.302234] Initializing cgroup subsys net_prio
[   15.396211] Initializing cgroup subsys hugetlb
[   15.483715] Initializing cgroup subsys pids
[   15.600568] CPU: Physical Processor ID: 0
[   15.633024] CPU: Processor Core ID: 0
[   15.678494] mce: CPU supports 0 MCE banks
[   15.768305] Last level iTLB entries: 4KB 512, 2MB 8, 4MB 8
[   15.866286] Last level dTLB entries: 4KB 512, 2MB 32, 4MB 32, 1GB 0
[   16.014755] Freeing SMP alternatives memory: 32K
[   16.138217] ftrace: allocating 32158 entries in 126 pages
[   16.317021] smpboot: APIC(0) Converting physical 0 to logical package 0
[   16.482481] smpboot: Max logical packages: 1
[   16.596183] x2apic enabled
[   16.665574] Switched APIC routing to physical x2apic.
[   16.755890] ..TIMER: vector=0x30 apic1=0 pin1=2 apic2=-1 pin2=-1
[   17.020152] smpboot: CPU0: Intel(R) Core(TM) i7-3770 CPU @ 3.40GHz (family: 0x6, model: 0x3a, stepping: 0x9)
[   17.216357] Performance Events: unsupported p6 CPU model 58 no PMU driver, software events only.
[   17.423184] KVM setup paravirtual spinlock
[   17.499145] x86: Booting SMP configuration:
[   17.604518] .... node  #0, CPUs:      #1
[   17.688479] kvm-clock: cpu 1, msr 0:3ffe3041, secondary cpu clock
[   17.770951] mce: CPU supports 0 MCE banks
[   17.773944] x86: Booted up 1 node, 2 CPUs
[   17.842152] smpboot: Total of 2 processors activated (13569.17 BogoMIPS)
[   18.021531] devtmpfs: initialized
[   18.109417] evm: security.selinux
[   18.147356] evm: security.SMACK64
[   18.233040] evm: security.SMACK64EXEC
[   18.314101] evm: security.SMACK64TRANSMUTE
[   18.431084] evm: security.SMACK64MMAP
[   18.518135] evm: security.ima
[   18.578113] evm: security.capability
[   18.645395] clocksource: jiffies: mask: 0xffffffff max_cycles: 0xffffffff, max_idle_ns: 7645041785100000 ns
[   18.845498] futex hash table entries: 512 (order: 3, 32768 bytes)
[   18.919367] pinctrl core: initialized pinctrl subsystem
[   19.033308] RTC time:  0:17:57, date: 12/20/17
[   19.109566] NET: Registered protocol family 16
[   19.217428] cpuidle: using governor ladder
[   19.324930] cpuidle: using governor menu
[   19.334933] PCCT header not found.
[   19.385750] ACPI: bus type PCI registered
[   19.454725] acpiphp: ACPI Hot Plug PCI Controller Driver version: 0.5
[   19.584388] PCI: Using configuration type 1 for base access
[   19.689995] ACPI: Added _OSI(Module Device)
[   19.778748] ACPI: Added _OSI(Processor Device)
[   19.868463] ACPI: Added _OSI(3.0 _SCP Extensions)
[   19.953326] ACPI: Added _OSI(Processor Aggregator Device)
[   20.060898] ACPI: Executed 1 blocks of module-level executable AML code
[   20.194750] ACPI: Interpreter enabled
[   20.241383] ACPI: (supports S0 S5)
[   20.306304] ACPI: Using IOAPIC for interrupt routing
[   20.407500] PCI: Using host bridge windows from ACPI; if necessary, use "pci=nocrs" and report a bug
[   20.602452] ACPI: PCI Root Bridge [PCI0] (domain 0000 [bus 00-ff])
[   20.687344] acpi PNP0A03:00: _OSC: OS supports [ASPM ClockPM Segments MSI]
[   20.839063] acpi PNP0A03:00: _OSC: not requesting OS control; OS requires [ExtendedConfig ASPM ClockPM MSI]
[   21.000718] acpi PNP0A03:00: fail to add MMCONFIG information, can't access extended PCI configuration space under this bridge.
[   21.251525] PCI host bridge to bus 0000:00
[   21.315495] pci_bus 0000:00: root bus resource [io  0x0000-0x0cf7 window]
[   21.448558] pci_bus 0000:00: root bus resource [io  0x0d00-0xffff window]
[   21.592080] pci_bus 0000:00: root bus resource [mem 0x000a0000-0x000bffff window]
[   21.760779] pci_bus 0000:00: root bus resource [mem 0x40000000-0xffdfffff window]
[   21.930820] pci_bus 0000:00: root bus resource [bus 00-ff]
[   22.024694] pci 0000:00:01.1: legacy IDE quirk: reg 0x10: [io  0x01f0-0x01f7]
[   22.127129] pci 0000:00:01.1: legacy IDE quirk: reg 0x14: [io  0x03f6]
[   22.269170] pci 0000:00:01.1: legacy IDE quirk: reg 0x18: [io  0x0170-0x0177]
[   22.447558] pci 0000:00:01.1: legacy IDE quirk: reg 0x1c: [io  0x0376]
[   22.553628] pci 0000:00:07.0: quirk: [io  0x4000-0x403f] claimed by PIIX4 ACPI
[   22.694468] pci 0000:00:07.0: quirk: [io  0x4100-0x410f] claimed by PIIX4 SMB
[   22.829077] ACPI: PCI Interrupt Link [LNKA] (IRQs 5 9 10 *11)
[   22.936367] ACPI: PCI Interrupt Link [LNKB] (IRQs 5 9 10 *11)
[   23.059238] ACPI: PCI Interrupt Link [LNKC] (IRQs 5 9 *10 11)
[   23.116562] ACPI: PCI Interrupt Link [LNKD] (IRQs 5 *9 10 11)
[   23.205380] ACPI: Enabled 2 GPEs in block 00 to 07
[   23.286555] vgaarb: setting as boot device: PCI:0000:00:02.0
[   23.402222] vgaarb: device added: PCI:0000:00:02.0,decodes=io+mem,owns=io+mem,locks=none
[   23.554091] vgaarb: loaded
[   23.625244] vgaarb: bridge control possible 0000:00:02.0
[   23.736570] SCSI subsystem initialized
[   23.808877] ACPI: bus type USB registered
[   23.918823] usbcore: registered new interface driver usbfs
[   24.011402] usbcore: registered new interface driver hub
[   24.110727] usbcore: registered new device driver usb
[   24.118392] PCI: Using ACPI for IRQ routing
[   24.129311] NetLabel: Initializing
[   24.167813] NetLabel:  domain hash size = 128
[   24.179206] NetLabel:  protocols = UNLABELED CIPSOv4
[   24.183541] NetLabel:  unlabeled traffic allowed by default
[   24.190662] amd_nb: Cannot enumerate AMD northbridges
[   24.192009] clocksource: Switched to clocksource kvm-clock
[   24.231285] AppArmor: AppArmor Filesystem Enabled
[   24.330840] pnp: PnP ACPI init
[   24.332765] pnp: PnP ACPI: found 3 devices
[   24.439702] clocksource: acpi_pm: mask: 0xffffff max_cycles: 0xffffff, max_idle_ns: 2085701024 ns
[   24.583208] NET: Registered protocol family 2
[   24.700083] TCP established hash table entries: 8192 (order: 4, 65536 bytes)
[   24.884006] TCP bind hash table entries: 8192 (order: 5, 131072 bytes)
[   25.015527] TCP: Hash tables configured (established 8192 bind 8192)
[   25.138087] UDP hash table entries: 512 (order: 2, 16384 bytes)
[   25.278522] UDP-Lite hash table entries: 512 (order: 2, 16384 bytes)
[   25.458147] NET: Registered protocol family 1
[   25.597539] pci 0000:00:00.0: Limiting direct PCI/PCI transfers
[   25.742753] pci 0000:00:01.0: Activating ISA DMA hang workarounds
[   25.905413] Unpacking initramfs...
[   26.155329] Freeing initrd memory: 15228K
[   26.241038] RAPL PMU detected, API unit is 2^-32 Joules, 3 fixed counters 10737418240 ms ovfl timer
[   26.298865] hw unit of domain pp0-core 2^-0 Joules
[   26.382117] hw unit of domain package 2^-0 Joules
[   26.418641] hw unit of domain pp1-gpu 2^-0 Joules
[   26.492239] platform rtc_cmos: registered platform RTC device (no PNP device found)
[   26.668988] Scanning for low memory corruption every 60 seconds
[   26.767671] audit: initializing netlink subsys (disabled)
[   26.873747] audit: type=2000 audit(1513729067.249:1): initialized
[   26.997983] Initialise system trusted keyring
[   27.077151] HugeTLB registered 2 MB page size, pre-allocated 0 pages
[   27.210065] zbud: loaded
[   27.276051] VFS: Disk quotas dquot_6.6.0
[   27.362778] VFS: Dquot-cache hash table entries: 512 (order 0, 4096 bytes)
[   27.519841] tsc: Refined TSC clocksource calibration: 3392.050 MHz
[   27.690339] clocksource: tsc: mask: 0xffffffffffffffff max_cycles: 0x30e4f8c55d8, max_idle_ns: 440795274296 ns
[   27.690634] squashfs: version 4.0 (2009/01/31) Phillip Lougher
[   27.690825] fuse init (API version 7.23)
[   27.690933] Key type big_key registered
[   27.690951] Allocating IMA MOK and blacklist keyrings.
[   27.691128] Key type asymmetric registered
[   27.691130] Asymmetric key parser 'x509' registered
[   27.691157] Block layer SCSI generic (bsg) driver version 0.4 loaded (major 249)
[   27.691183] io scheduler noop registered
[   27.691184] io scheduler deadline registered (default)
[   27.691206] io scheduler cfq registered
[   27.691273] pci_hotplug: PCI Hot Plug PCI Core version: 0.5
[   27.691277] pciehp: PCI Express Hot Plug Controller Driver version: 0.4
[   27.691380] ACPI: AC Adapter [AC] (on-line)
[   27.691431] input: Power Button as /devices/LNXSYSTM:00/LNXPWRBN:00/input/input0
[   27.691433] ACPI: Power Button [PWRF]
[   27.691492] input: Sleep Button as /devices/LNXSYSTM:00/LNXSLPBN:00/input/input1
[   27.691493] ACPI: Sleep Button [SLPF]
[   27.691602] GHES: HEST is not enabled!
[   27.691674] Serial: 8250/16550 driver, 32 ports, IRQ sharing enabled
[   27.786522] 00:02: ttyS0 at I/O 0x3f8 (irq = 4, base_baud = 115200) is a 16550A
[   27.951027] Linux agpgart interface v0.103
[   28.035156] loop: module loaded
[   28.035596] scsi host0: ata_piix
[   28.035642] scsi host1: ata_piix
[   28.035665] ata1: PATA max UDMA/33 cmd 0x1f0 ctl 0x3f6 bmdma 0xd000 irq 14
[   28.035666] ata2: PATA max UDMA/33 cmd 0x170 ctl 0x376 bmdma 0xd008 irq 15
[   28.035725] libphy: Fixed MDIO Bus: probed
[   28.035727] tun: Universal TUN/TAP device driver, 1.6
[   28.035727] tun: (C) 1999-2004 Max Krasnyansky <maxk@qualcomm.com>
[   28.035999] PPP generic driver version 2.4.2
[   28.036043] ehci_hcd: USB 2.0 'Enhanced' Host Controller (EHCI) Driver
[   28.036046] ehci-pci: EHCI PCI platform driver
[   28.036053] ehci-platform: EHCI generic platform driver
[   28.036059] ohci_hcd: USB 1.1 'Open' Host Controller (OHCI) Driver
[   28.036062] ohci-pci: OHCI PCI platform driver
[   28.036068] ohci-platform: OHCI generic platform driver
[   28.036074] uhci_hcd: USB Universal Host Controller Interface driver
[   28.036114] i8042: PNP: PS/2 Controller [PNP0303:PS2K,PNP0f03:PS2M] at 0x60,0x64 irq 1,12
[   28.091436] serio: i8042 KBD port at 0x60,0x64 irq 1
[   28.091453] serio: i8042 AUX port at 0x60,0x64 irq 12
[   28.091571] mousedev: PS/2 mouse device common for all mice
[   28.091815] rtc_cmos rtc_cmos: rtc core: registered rtc_cmos as rtc0
[   28.091860] rtc_cmos rtc_cmos: alarms up to one day, 114 bytes nvram
[   28.091865] i2c /dev entries driver
[   28.091908] device-mapper: uevent: version 1.0.3
[   28.091992] device-mapper: ioctl: 4.34.0-ioctl (2015-10-28) initialised: dm-devel@redhat.com
[   28.092007] ledtrig-cpu: registered to indicate activity on CPUs
[   28.092230] NET: Registered protocol family 10
[   28.092339] NET: Registered protocol family 17
[   28.092348] Key type dns_resolver registered
[   28.197336] microcode: CPU0 sig=0x306a9, pf=0x2, revision=0x19
[   28.197392] microcode: CPU1 sig=0x306a9, pf=0x2, revision=0x19
[   28.197485] microcode: Microcode Update Driver: v2.01 <tigran@aivazian.fsnet.co.uk>, Peter Oruba
[   28.197594] registered taskstats version 1
[   28.197608] Loading compiled-in X.509 certificates
[   28.198202] Loaded X.509 cert 'Build time autogenerated kernel key: 8537ad706776f532219d7336343c968b9f82f7c7'
[   28.198220] zswap: loaded using pool lzo/zbud
[   28.199640] Key type trusted registered
[   28.201546] Key type encrypted registered
[   28.201549] AppArmor: AppArmor sha1 policy hashing enabled
[   28.201551] ima: No TPM chip found, activating TPM-bypass!
[   28.201564] evm: HMAC attrs: 0x1
[   28.201757]   Magic number: 13:256:254
[   28.262859] rtc_cmos rtc_cmos: setting system clock to 2017-12-20 00:18:06 UTC (1513729086)
[   28.263030] BIOS EDD facility v0.16 2004-Jun-25, 0 devices found
[   28.263030] EDD information not available.
[   28.742233] input: AT Translated Set 2 keyboard as /devices/platform/i8042/serio0/input/input2
[   34.253573] Freeing unused kernel memory: 1492K
[   34.304111] Write protecting the kernel read-only data: 14336k
[   34.330623] Freeing unused kernel memory: 1744K
[   34.407455] Freeing unused kernel memory: 108K
Loading, please [   34.515871] random: systemd-udevd: uninitialized urandom read (16 bytes read, 4 bits of entropy available)
wait...
startin[   34.516239] random: udevadm: uninitialized urandom read (16 bytes read, 4 bits of entropy available)
g version 229
[   34.516280] random: udevadm: uninitialized urandom read (16 bytes read, 4 bits of entropy available)
[   34.521852] random: udevadm: uninitialized urandom read (16 bytes read, 4 bits of entropy available)
[   34.521878] random: udevadm: uninitialized urandom read (16 bytes read, 4 bits of entropy available)
[   34.521964] random: udevadm: uninitialized urandom read (16 bytes read, 4 bits of entropy available)
[   34.522000] random: udevadm: uninitialized urandom read (16 bytes read, 4 bits of entropy available)
[   34.522033] random: udevadm: uninitialized urandom read (16 bytes read, 4 bits of entropy available)
[   34.522066] random: udevadm: uninitialized urandom read (16 bytes read, 4 bits of entropy available)
[   34.522099] random: udevadm: uninitialized urandom read (16 bytes read, 4 bits of entropy available)
[   35.857255] e1000: Intel(R) PRO/1000 Network Driver - version 7.3.21-k8-NAPI
[   35.925966] e1000: Copyright (c) 1999-2006 Intel Corporation.
[   35.953211] Fusion MPT base driver 3.04.20
[   36.003007] Copyright (c) 1999-2008 LSI Corporation
[   36.062605] Fusion MPT SPI Host driver 3.04.20
[   36.128884] AVX version of gcm_enc/dec engaged.
[   36.151808] AES CTR mode by8 optimization enabled
[   36.262176] input: ImExPS/2 Generic Explorer Mouse as /devices/platform/i8042/serio1/input/input4
[   36.467868] e1000 0000:00:03.0 eth0: (PCI:33MHz:32-bit) 02:63:8e:2c:ef:cd
[   36.494971] e1000 0000:00:03.0 eth0: Intel(R) PRO/1000 Network Connection
[   36.543645] mptbase: ioc0: Initiating bringup
[   36.544277] e1000 0000:00:03.0 enp0s3: renamed from eth0
[   36.780472] ioc0: LSI53C1030 A0: Capabilities={Initiator}
[   37.066567] scsi host2: ioc0: LSI53C1030 A0, FwRev=00000000h, Ports=1, MaxQ=256, IRQ=20
[   37.301051] scsi 2:0:0:0: Direct-Access     VBOX     HARDDISK         1.0  PQ: 0 ANSI: 5
[   37.325534] scsi target2:0:0: Beginning Domain Validation
[   37.446242] scsi target2:0:0: Domain Validation skipping write tests
[   37.599639] scsi target2:0:0: Ending Domain Validation
[   37.732269] scsi target2:0:0: asynchronous
[   37.830021] scsi 2:0:1:0: Direct-Access     VBOX     HARDDISK         1.0  PQ: 0 ANSI: 5
[   37.922045] scsi target2:0:1: Beginning Domain Validation
[   38.057775] scsi target2:0:1: Domain Validation skipping write tests
[   38.152663] scsi target2:0:1: Ending Domain Validation
[   38.265771] scsi target2:0:1: asynchronous
[   38.327294] sd 2:0:0:0: [sda] 20971520 512-byte logical blocks: (10.7 GB/10.0 GiB)
[   38.327355] sd 2:0:0:0: Attached scsi generic sg0 type 0
[   38.327705] sd 2:0:1:0: Attached scsi generic sg1 type 0
[   38.327842] sd 2:0:1:0: [sdb] 20480 512-byte logical blocks: (10.5 MB/10.0 MiB)
[   38.327929] sd 2:0:1:0: [sdb] Write Protect is off
[   38.327987] sd 2:0:1:0: [sdb] Incomplete mode parameter data
[   38.327988] sd 2:0:1:0: [sdb] Assuming drive cache: write through
[   38.350524] sd 2:0:1:0: [sdb] Attached SCSI disk
[   38.956267] floppy0: no floppy controllers found
[   38.956311] work still pending
[   39.111920] sd 2:0:0:0: [sda] Write Protect is off
[   39.215964] sd 2:0:0:0: [sda] Incomplete mode parameter data
[   39.307335] sd 2:0:0:0: [sda] Assuming drive cache: write through
[   39.453120]  sda: sda1
[   39.523754] sd 2:0:0:0: [sda] Attached SCSI disk
Begin: Loading e[   40.989588] md: linear personality registered for level -1
ssential drivers[   41.090965] md: multipath personality registered for level -4
 ... [   41.176807] md: raid0 personality registered for level 0
[   41.205949] md: raid1 personality registered for level 1
[   41.392172] raid6: sse2x1   gen()  9687 MB/s
[   41.572169] raid6: sse2x1   xor()  7672 MB/s
[   41.740196] raid6: sse2x2   gen() 12151 MB/s
[   41.868236] raid6: sse2x2   xor()  8403 MB/s
[   42.016241] raid6: sse2x4   gen() 14093 MB/s
[   42.184247] raid6: sse2x4   xor()  9481 MB/s
[   42.215708] raid6: using algorithm sse2x4 gen() 14093 MB/s
[   42.232125] raid6: .... xor() 9481 MB/s, rmw enabled
[   42.323624] raid6: using ssse3x2 recovery algorithm
[   42.447242] xor: automatically using best checksumming function:
[   42.556335]    avx       : 21865.000 MB/sec
[   42.619375] async_tx: api initialized (async)
[   42.719248] md: raid6 personality registered for level 6
[   42.820729] md: raid5 personality registered for level 5
[   42.873931] md: raid4 personality registered for level 4
[   42.930053] md: raid10 personality registered for level 10
done.
Begin: Running /scripts/init-p[   43.017382] Btrfs loaded
remount ... done.
Begin: Mounting root file system ... Begin: R[   43.109121] EXT4-fs (sda1): INFO: recovery required on readonly filesystem
unning /scripts/[   43.212678] EXT4-fs (sda1): write access will be enabled during recovery
local-top ... done.
Begin: Running /scripts/local-premount ... Scanning for Btrfs filesystems
done.
Warning: fsck not present, so skipping root file system
[   43.682552] EXT4-fs (sda1): recovery complete
[   43.786606] EXT4-fs (sda1): mounted filesystem with ordered data mode. Opts: (null)
done.
Begin: Running /scripts/local-bottom ... done.
Begin: Running /[   44.222429] random: nonblocking pool is initialized
scripts/init-bottom ... done.
[   44.941916] systemd[1]: systemd 229 running in system mode. (+PAM +AUDIT +SELINUX +IMA +APPARMOR +SMACK +SYSVINIT +UTMP +LIBCRYPTSETUP +GCRYPT +GNUTLS +ACL +XZ -LZ4 +SECCOMP +BLKID +ELFUTILS +KMOD -IDN)
[   45.324276] systemd[1]: Detected virtualization oracle.
[   45.411066] systemd[1]: Detected architecture x86-64.

Welcome to [1mUbuntu 16.04.3 LTS[0m!

[   45.760984] systemd[1]: Set hostname to <ubuntu-xenial>.
[   46.921259] systemd[1]: Listening on Journal Socket (/dev/log).
[[0;32m  OK  [0m] Listening on Journal Socket (/dev/log).
[   47.082324] systemd[1]: Started Forward Password Requests to Wall Directory Watch.
[[0;32m  OK  [0m] Started Forward Password Requests to Wall Directory Watch.
[   47.388976] systemd[1]: Listening on LVM2 poll daemon socket.
[[0;32m  OK  [0m] Listening on LVM2 poll daemon socket.
[   47.596756] systemd[1]: Listening on Syslog Socket.
[[0;32m  OK  [0m] Listening on Syslog Socket.
[   47.784906] systemd[1]: Listening on udev Kernel Socket.
[[0;32m  OK  [0m] Listening on udev Kernel Socket.
[   48.016818] systemd[1]: Listening on Journal Audit Socket.
[[0;32m  OK  [0m] Listening on Journal Audit Socket.
[   48.264774] systemd[1]: Started Trigger resolvconf update for networkd DNS.
[[0;32m  OK  [0m] Started Trigger resolvconf update for networkd DNS.
[   48.420424] systemd[1]: Set up automount Arbitrary Executable File Formats File System Automount Point.
[[0;32m  OK  [0m] Set up automount Arbitrary Executab...ats File System Automount Point.
[   48.724319] systemd[1]: Reached target Encrypted Volumes.
[[0;32m  OK  [0m] Reached target Encrypted Volumes.
[   48.912357] systemd[1]: Listening on Journal Socket.
[[0;32m  OK  [0m] Listening on Journal Socket.
[   49.105162] systemd[1]: Created slice System Slice.
[[0;32m  OK  [0m] Created slice System Slice.
[   49.288345] systemd[1]: Starting Uncomplicated firewall...
         Starting Uncomplicated firewall...
[   49.388622] systemd[1]: Created slice system-serial\x2dgetty.slice.
[[0;32m  OK  [0m] Created slice system-serial\x2dgetty.slice.
[   49.524380] systemd[1]: Starting Set console keymap...
         Starting Set console keymap...
[   49.680449] systemd[1]: Starting Load Kernel Modules...
         Starting Load Kernel Modules...
[   49.840509] systemd[1]: Starting Journal Service...
         Starting Journal Service...
[   49.996418] systemd[1]: Mounting POSIX Message Queue File System...
         [   50.142034] Loading iSCSI transport class v2.0-870.
Mounting POSIX Message Queue File System...
[   50.274948] iscsi: registered transport (tcp)
[   50.356507] systemd[1]: Starting Nameserver information manager...
         Starting Nameserver information manager...
[   50.576205] systemd[1]: Starting Create list of required static device nodes for the current kernel...
         Starting Create list of required st... nodes for the current kernel...
[   50.765699] iscsi: registered transport (iser)
[   50.820180] systemd[1]: Listening on udev Control Socket.
[[0;32m  OK  [0m] Listening on udev Control Socket.
[   50.992653] systemd[1]: Listening on Device-mapper event daemon FIFOs.
[[0;32m  OK  [0m] Listening on Device-mapper event daemon FIFOs.
[   51.070173] systemd[1]: Reached target Swap.
[[0;32m  OK  [0m] Reached target Swap.
[   51.252624] systemd[1]: Mounting Huge Pages File System...
         Mounting Huge Pages File System...
[   51.448758] systemd[1]: Starting Remount Root and Kernel File Systems...
         [   51.603332] EXT4-fs (sda1): re-mounted. Opts: (null)
Starting Remount Root and Kernel File Systems...
[   51.784606] systemd[1]: Mounting Debug File System...
         Mounting Debug File System...
[   51.957033] systemd[1]: Created slice User and Session Slice.
[[0;32m  OK  [0m] Created slice User and Session Slice.
[   52.164388] systemd[1]: Reached target Slices.
[[0;32m  OK  [0m] Reached target Slices.
[   52.328524] systemd[1]: Listening on /dev/initctl Compatibility Named Pipe.
[[0;32m  OK  [0m] Listening on /dev/initctl Compatibility Named Pipe.
[   52.516294] systemd[1]: Reached target User and Group Name Lookups.
[[0;32m  OK  [0m] Reached target User and Group Name Lookups.
[   52.740441] systemd[1]: Listening on LVM2 metadata daemon socket.
[[0;32m  OK  [0m] Listening on LVM2 metadata daemon socket.
[   52.920372] systemd[1]: Starting Monitoring of LVM2 mirrors, snapshots etc. using dmeventd or progress polling...
         Starting Monitoring of LVM2 mirrors... dmeventd or progress polling...
[   53.161037] systemd[1]: Mounted POSIX Message Queue File System.
[[0;32m  OK  [0m] Mounted POSIX Message Queue File System.
[   53.360486] systemd[1]: Mounted Debug File System.
[[0;32m  OK  [0m] Mounted Debug File System.
[   53.556642] systemd[1]: Mounted Huge Pages File System.
[[0;32m  OK  [0m] Mounted Huge Pages File System.
[   53.760621] systemd[1]: Started Journal Service.
[[0;32m  OK  [0m] Started Journal Service.
[[0;32m  OK  [0m] Started Uncomplicated firewall.
[[0;32m  OK  [0m] Started Set console keymap.
[[0;32m  OK  [0m] Started Load Kernel Modules.
[[0;32m  OK  [0m] Started Create list of required sta...ce nodes for the current kernel.
[[0;32m  OK  [0m] Started Remount Root and Kernel File Systems.
[[0;32m  OK  [0m] Started Nameserver information manager.
[[0;32m  OK  [0m] Started LVM2 metadata daemon.
         Starting udev Coldplug all Devices...
         Starting Load/Save Random Seed...
         Starting Initial cloud-init job (pre-networking)...
         Starting Create Static Device Nodes in /dev...
         Starting Apply Kernel Variables...
         Mounting FUSE Control File System...
         Starting Flush Journal to Persistent Storage...
[[0;32m  OK  [0m] Mounted FUSE Control File System.
[[0;32m  OK  [0m] Started Load/Save Random Seed.
[[0;32m  OK  [0m] Started Monitoring of LVM2 mirrors,...ng dmeventd or progress polling.
[[0;32m  OK  [0m] Started Create Static Device Nodes in /dev.
[[0;32m  OK  [0m] Started Apply Kernel Variables.
[[0;32m  OK  [0m] Started udev Coldplug all Devices.
         Starting udev Kernel Device Manager...
[[0;32m  OK  [0m] Started Flush Journal to Persistent Storage.
[[0;32m  OK  [0m] Started udev Kernel Device Manager.
[[0;32m  OK  [0m] Reached target Local File Systems (Pre).
[[0;32m  OK  [0m] Reached target Local File Systems.
         Starting Create Volatile Files and Directories...
         Starting Tell Plymouth To Write Out Runtime Data...
         Starting Set console font and keymap...
         Starting LSB: AppArmor initialization...
[[0;32m  OK  [0m] Started Dispatch Password Requests to Console Directory Watch.
[[0;32m  OK  [0m] Started Create Volatile Files and Directories.
[[0;32m  OK  [0m] Started Tell Plymouth To Write Out Runtime Data.
[[0;32m  OK  [0m] Found device /dev/ttyS0.
         Starting Update UTMP about System Boot/Shutdown...
[[0;32m  OK  [0m] Reached target System Time Synchronized.
[[0;32m  OK  [0m] Found device 82540EM Gigabit Ethern...r (PRO/1000 MT Desktop Adapter).
[[0;32m  OK  [0m] Started Update UTMP about System Boot/Shutdown.
[[0;32m  OK  [0m] Started Set console font and keymap.
[[0;32m  OK  [0m] Listening on Load/Save RF Kill Switch Status /dev/rfkill Watch.
[[0;32m  OK  [0m] Created slice system-getty.slice.
[[0;32m  OK  [0m] Started LSB: AppArmor initialization.
[   35.177917] cloud-init[458]: Cloud-init v. 17.1 running 'init-local' at Wed, 20 Dec 2017 00:18:36 +0000. Up 34.59 seconds.
[[0;32m  OK  [0m] Started Initial cloud-init job (pre-networking).
[[0;32m  OK  [0m] Reached target Network (Pre).
         Starting Raise network interfaces...
[[0;32m  OK  [0m] Started ifup for enp0s3.
[[0;32m  OK  [0m] Started Raise network interfaces.
[[0;32m  OK  [0m] Reached target Network.
         Starting Initial cloud-init job (metadata service crawler)...
[   36.704106] cloud-init[971]: Cloud-init v. 17.1 running 'init' at Wed, 20 Dec 2017 00:18:37 +0000. Up 36.10 seconds.
[   36.776364] [cloud-init[0;32m  OK  [0m[971]: ] ci-info: +++++++++++++++++++++++++++++++++++++Net device info++++++++++++++++++++++++++++++++++++++Started Initial cloud-init job (metadata service crawler).

[   36.776662] cloud-init[971]: ci-info: +--------+------+----------------------------+---------------+-------+-------------------+
[   37.021438] [cloud-init[0;32m  OK  [0m[971]: ] ci-info: | Device |  Up  |          Address           |      Mask     | Scope |     Hw-Address    |Reached target System Initialization.

[[0;32m  OK  [0m] Started Timer to automatically refresh installed snaps.
[   37.171383] cloud-init[971]: ci-info: +--------+------+----------------------------+---------------+-------+-------------------+
[   37.368374] [cloud-init[0;32m  OK  [0m[971]: ] ci-info: | enp0s3 | True |         10.0.2.15          | 255.255.255.0 |   .   | 02:63:8e:2c:ef:cd |Started ACPI Events Check.

[   37.368828] [cloud-init[0;32m  OK  [0m[971]: ] ci-info: | enp0s3 | True | fe80::63:8eff:fe2c:efcd/64 |       .       |  link | 02:63:8e:2c:ef:cd |Reached target Paths.

[   37.693014] [cloud-init[0;32m  OK  [0m[971]: ] ci-info: |   lo   | True |         127.0.0.1          |   255.0.0.0   |   .   |         .         |Listening on ACPID Listen Socket.

[   37.860533]          cloud-initStarting LXD - unix socket.[971]: 
ci-info: |   lo   | True |          ::1/128           |       .       |  host |         .         |
[   38.008428]          cloud-initStarting Socket activation for snappy daemon.[971]: 
ci-info: +--------+------+----------------------------+---------------+-------+-------------------+
[   38.188475] [cloud-init[0;32m  OK  [0m[971]: ] ci-info: +++++++++++++++++++++++++++Route IPv4 info++++++++++++++++++++++++++++Started Daily Cleanup of Temporary Directories.

[   38.372506] [cloud-init[0;32m  OK  [0m[971]: ] ci-info: +-------+-------------+----------+---------------+-----------+-------+Listening on D-Bus System Message Bus Socket.

[   38.372886] [cloud-init[0;32m  OK  [0m[971]: ] ci-info: | Route | Destination | Gateway  |    Genmask    | Interface | Flags |Listening on UUID daemon activation socket.

[   38.708564] [cloud-init[0;32m  OK  [0m[971]: ] ci-info: +-------+-------------+----------+---------------+-----------+-------+Reached target Network is Online.

[   38.708937] cloud-init[971]: ci-info: |   0   |   0.0.0.0   | 10.0.2.2 |    0.0.0.0    |   enp0s3  |   UG  |
[   38.936568]          cloud-initStarting iSCSI initiator daemon (iscsid)...[971]: 
ci-info: |   1   |   10.0.2.0  | 0.0.0.0  | 255.255.255.0 |   enp0s3  |   U   |
[   39.096599] [cloud-init[0;32m  OK  [0m[971]: ] ci-info: +-------+-------------+----------+---------------+-----------+-------+Started Daily apt download activities.

[[0;32m  OK  [0m] Started Daily apt upgrade and clean activities.
[[0;32m  OK  [0m] Reached target Timers.
[[0;32m  OK  [0m] Reached target Cloud-config availability.
[[0;32m  OK  [0m] Listening on LXD - unix socket.
[[0;32m  OK  [0m] Listening on Socket activation for snappy daemon.
[[0;32m  OK  [0m] Reached target Sockets.
[[0;32m  OK  [0m] Reached target Basic System.
         Starting Apply the settings specified in cloud-config...
         Starting LSB: MD monitoring daemon...
         Starting System Logging Service...
[[0;32m  OK  [0m] Started Deferred execution scheduler.
         Starting Snappy daemon...
         Starting LSB: Record successful boot for GRUB...
[[0;32m  OK  [0m] Started Unattended Upgrades Shutdown.
         Starting Login Service...
[[0;32m  OK  [0m[   40.103818] ] cloud-initStarted D-Bus System Message Bus.[1027]: 
Cloud-init v. 17.1 running 'modules:config' at Wed, 20 Dec 2017 00:18:41 +0000. Up 39.87 seconds.
         Starting /etc/rc.local Compatibility...
[[0;32m  OK  [0m] Started Regular background program processing daemon.
         Starting Accounts Service...
[[0;32m  OK  [0m] Started FUSE filesystem for LXC.
[[0;32m  OK  [0m] Started ACPI event daemon.
         Starting OpenBSD Secure Shell server...
         Starting LXD - container startup/shutdown...
[[0;32m  OK  [0m] Started System Logging Service.
[[0;32m  OK  [0m] Started Snappy daemon.
[[0;32m  OK  [0m] Started iSCSI initiator daemon (iscsid).
[[0;32m  OK  [0m] Started Apply the settings specified in cloud-config.
[[0;32m  OK  [0m] Started /etc/rc.local Compatibility.
         Starting Login to default iSCSI targets...
[[0;32m  OK  [0m] Started Login Service.
         Starting Authenticate and Authorize Users to Run Privileged Tasks...
[[0;32m  OK  [0m] Started LSB: MD monitoring daemon.
[[0;32m  OK  [0m] Started LSB: Record successful boot for GRUB.
[[0;32m  OK  [0m] Started Authenticate and Authorize Users to Run Privileged Tasks.
[[0;32m  OK  [0m] Started OpenBSD Secure Shell server.
[[0;32m  OK  [0m] Started Accounts Service.
[[0;32m  OK  [0m] Started Login to default iSCSI targets.
[[0;32m  OK  [0m] Reached target Remote File Systems (Pre).
[[0;32m  OK  [0m] Reached target Remote File Systems.
         Starting LSB: VirtualBox Linux Additions...
         Starting Permit User Sessions...
         Starting LSB: daemon to balance interrupts for SMP systems...
         Starting LSB: automatic crash report generation...
         Starting LSB: Set the CPU Frequency Scaling governor to "ondemand"...
[[0;32m  OK  [0m] Started LXD - container startup/shutdown.
[[0;32m  OK  [0m] Started Permit User Sessions.
         Starting Hold until boot process finishes up...
         Starting Terminate Plymouth Boot Screen...
[[0;32m  OK  [0m] Started LSB: daemon to balance interrupts for SMP systems.
[[0;32m  OK  [0m] Started LSB: VirtualBox Linux Additions.
[[0;32m  OK  [0m] Started LSB: automatic crash report generation.
[[0;32m  OK  [0m] Started LSB: Set the CPU Frequency Scaling governor to "ondemand".
[[0;32m  OK  [0m] Started Hold until boot process finishes up.
[[0;32m  OK  [0m] Started Terminate Plymouth Boot Screen.
         Starting Set console scheme...
[[0;32m  OK  [0m] Started Serial Getty on ttyS0.
[[0;32m  OK  [0m] Started Getty on tty1.
[[0;32m  OK  [0m] Reached target Login Prompts.
[[0;32m  OK  [0m] Reached target Multi-User System.
         Starting Execute cloud user/final scripts...
[[0;32m  OK  [0m] Reached target Graphical Interface.
         Starting Update UTMP about System Runlevel Changes...
[[0;32m  OK  [0m] Started Set console scheme.
[[0;32m  OK  [0m] Started Update UTMP about System Runlevel Changes.
[   43.789740] cloud-init[1190]: Cloud-init v. 17.1 running 'modules:final' at Wed, 20 Dec 2017 00:18:45 +0000. Up 43.65 seconds.
[   43.925205] [cloud-init[0;32m  OK  [0m[1190]: ] Cloud-init v. 17.1 finished at Wed, 20 Dec 2017 00:18:45 +0000. Datasource DataSourceNoCloud [seed=/dev/sdb][dsmode=net].  Up 43.78 secondsStarted Execute cloud user/final scripts.

         Starting Daily apt download activities...
[[0;32m  OK  [0m] Reached target Cloud-init target.
[[0;32m  OK  [0m] Created slice User Slice of ubuntu.
         Starting User Manager for UID 1000...
[[0;32m  OK  [0m] Started Session 1 of user ubuntu.
[[0;32m  OK  [0m] Started User Manager for UID 1000.

Ubuntu 16.04.3 LTS ubuntu-xenial ttyS0

ubuntu-xenial login: 